2026-05-19 22:27:26,082  - Using device: cpu
2026-05-19 22:27:26,082  - Config: batch_size=64, lr=0.001, epochs=50, hidden=[256, 128]
2026-05-19 22:27:26,083  - Loading MNIST data ...
2026-05-19 22:27:26,305  - Train batches: 782, Val batches: 157
2026-05-19 22:27:26,324  - Model: MLP — 235,914 parameters
2026-05-19 22:27:49,875  - Using device: cpu
2026-05-19 22:27:49,875  - Config: batch_size=64, lr=0.001, epochs=50, hidden=[256, 128]
2026-05-19 22:27:49,875  - Loading MNIST data ...
2026-05-19 22:27:49,954  - Train batches: 782, Val batches: 157
2026-05-19 22:27:49,964  - Model: MLP — 235,914 parameters
2026-05-19 22:27:49,965  - ------------------------------------------------------------
2026-05-19 22:27:49,965  - Starting training ...
2026-05-19 22:27:49,977  - ------------------------------------------------------------
2026-05-19 22:28:06,419  -   Batch [ 100/782]  Loss: 0.3309
2026-05-19 22:28:08,341  -   Batch [ 200/782]  Loss: 0.1582
2026-05-19 22:28:10,093  -   Batch [ 300/782]  Loss: 0.3145
2026-05-19 22:28:11,778  -   Batch [ 400/782]  Loss: 0.2412
2026-05-19 22:28:13,439  -   Batch [ 500/782]  Loss: 0.2719
2026-05-19 22:28:15,082  -   Batch [ 600/782]  Loss: 0.1163
2026-05-19 22:28:16,803  -   Batch [ 700/782]  Loss: 0.1038
2026-05-19 22:28:36,182  - Epoch [ 1/50]  Train Loss: 0.2828  Val Loss: 0.1226  Val Acc: 96.17%  LR: 1.00e-03
2026-05-19 22:28:36,262  - Checkpoint saved -> checkpoint/best_model_epoch1_val96.17.pth
2026-05-19 22:28:52,347  -   Batch [ 100/782]  Loss: 0.0358
2026-05-19 22:28:54,178  -   Batch [ 200/782]  Loss: 0.0925
2026-05-19 22:28:55,851  -   Batch [ 300/782]  Loss: 0.1109
2026-05-19 22:28:57,532  -   Batch [ 400/782]  Loss: 0.1192
2026-05-19 22:28:59,233  -   Batch [ 500/782]  Loss: 0.1244
2026-05-19 22:29:00,933  -   Batch [ 600/782]  Loss: 0.1583
2026-05-19 22:29:02,591  -   Batch [ 700/782]  Loss: 0.0675
2026-05-19 22:29:21,735  - Epoch [ 2/50]  Train Loss: 0.1296  Val Loss: 0.0919  Val Acc: 97.08%  LR: 1.00e-03
2026-05-19 22:29:21,747  - Checkpoint saved -> checkpoint/best_model_epoch2_val97.08.pth
2026-05-19 22:29:36,927  -   Batch [ 100/782]  Loss: 0.1871
2026-05-19 22:29:38,645  -   Batch [ 200/782]  Loss: 0.1245
2026-05-19 22:29:40,321  -   Batch [ 300/782]  Loss: 0.1113
2026-05-19 22:29:42,006  -   Batch [ 400/782]  Loss: 0.1230
2026-05-19 22:29:43,643  -   Batch [ 500/782]  Loss: 0.0478
2026-05-19 22:29:45,338  -   Batch [ 600/782]  Loss: 0.1151
2026-05-19 22:29:47,014  -   Batch [ 700/782]  Loss: 0.2653
2026-05-19 22:30:06,211  - Epoch [ 3/50]  Train Loss: 0.1065  Val Loss: 0.0861  Val Acc: 97.33%  LR: 1.00e-03
2026-05-19 22:30:06,235  - Checkpoint saved -> checkpoint/best_model_epoch3_val97.33.pth
2026-05-19 22:30:21,888  -   Batch [ 100/782]  Loss: 0.0824
2026-05-19 22:30:23,772  -   Batch [ 200/782]  Loss: 0.0417
2026-05-19 22:30:25,546  -   Batch [ 300/782]  Loss: 0.2296
2026-05-19 22:30:27,229  -   Batch [ 400/782]  Loss: 0.1586
2026-05-19 22:30:28,943  -   Batch [ 500/782]  Loss: 0.1425
2026-05-19 22:30:30,606  -   Batch [ 600/782]  Loss: 0.1571
2026-05-19 22:30:32,295  -   Batch [ 700/782]  Loss: 0.1707
2026-05-19 22:30:51,314  - Epoch [ 4/50]  Train Loss: 0.0883  Val Loss: 0.0751  Val Acc: 97.68%  LR: 1.00e-03
2026-05-19 22:30:51,328  - Checkpoint saved -> checkpoint/best_model_epoch4_val97.68.pth
2026-05-19 22:31:07,200  -   Batch [ 100/782]  Loss: 0.0789
2026-05-19 22:31:08,932  -   Batch [ 200/782]  Loss: 0.0618
2026-05-19 22:31:10,597  -   Batch [ 300/782]  Loss: 0.0428
2026-05-19 22:31:12,295  -   Batch [ 400/782]  Loss: 0.1072
2026-05-19 22:31:13,946  -   Batch [ 500/782]  Loss: 0.0712
2026-05-19 22:31:15,686  -   Batch [ 600/782]  Loss: 0.0454
2026-05-19 22:31:17,396  -   Batch [ 700/782]  Loss: 0.0810
2026-05-19 22:31:36,404  - Epoch [ 5/50]  Train Loss: 0.0783  Val Loss: 0.0727  Val Acc: 97.73%  LR: 1.00e-03
2026-05-19 22:31:36,423  - Checkpoint saved -> checkpoint/best_model_epoch5_val97.73.pth
2026-05-19 22:31:51,406  -   Batch [ 100/782]  Loss: 0.2477
2026-05-19 22:31:53,126  -   Batch [ 200/782]  Loss: 0.0233
2026-05-19 22:31:54,801  -   Batch [ 300/782]  Loss: 0.0354
2026-05-19 22:31:56,516  -   Batch [ 400/782]  Loss: 0.1280
2026-05-19 22:31:58,184  -   Batch [ 500/782]  Loss: 0.0803
2026-05-19 22:31:59,887  -   Batch [ 600/782]  Loss: 0.0601
2026-05-19 22:32:01,551  -   Batch [ 700/782]  Loss: 0.1120
2026-05-19 22:32:21,611  - Epoch [ 6/50]  Train Loss: 0.0696  Val Loss: 0.0767  Val Acc: 97.65%  LR: 1.00e-03
